<?xml version="1.0" encoding="UTF-8"?>
<!-- Generated by org.testng.reporters.JUnitXMLReporter -->
<testsuite ignored="0" hostname="DESKTOP-TB3684R" failures="1" tests="2" name="Test" time="0.1" errors="0" timestamp="2023-03-27T16:02:34 IST">
  <testcase classname="com.impor.pages.TestNgKey" name="TestMethod1" time="0.011"/>
  <testcase classname="com.impor.pages.TestNgKey" name="TestMethod2" time="0.003">
    <failure type="java.lang.ArithmeticException" message="/ by zero">
      <![CDATA[java.lang.ArithmeticException: / by zero
at com.impor.pages.TestNgKey.TestMethod2(TestNgKey.java:23)
at java.base/java.util.ArrayList.forEach(ArrayList.java:1511)
... Removed 25 stack frames]]>
    </failure>
  </testcase> <!-- TestMethod2 -->
</testsuite> <!-- Test -->
