<?xml version="1.0" encoding="UTF-8"?>
<!-- Generated by org.testng.reporters.JUnitXMLReporter -->
<testsuite ignored="1" hostname="DESKTOP-TB3684R" failures="0" tests="1" name="Test(failed)" time="0.095" errors="0" timestamp="2023-03-27T16:04:25 IST">
  <testcase classname="com.impor.pages.TestNgKey" name="TestMethod2" time="0.012"/>
  <testcase classname="com.impor.pages.TestNgKey" name="TestMethod1" time="0.0">
    <ignored/>
  </testcase> <!-- TestMethod1 -->
</testsuite> <!-- Test(failed) -->
