<?xml version="1.0" encoding="UTF-8"?>
<testng-results ignored="0" total="1" passed="1" failed="0" skipped="0">
  <reporter-output>
  </reporter-output>
  <suite started-at="2023-04-06T17:54:54 IST" name="Default suite" finished-at="2023-04-06T17:54:58 IST" duration-ms="4044">
    <groups>
    </groups>
    <test started-at="2023-04-06T17:54:54 IST" name="Default test" finished-at="2023-04-06T17:54:58 IST" duration-ms="4044">
      <class name="com.impor.pages.DataFromThePropertyFile">
        <test-method is-config="true" signature="DataFromThePropertyFile()[pri:0, instance:com.impor.pages.DataFromThePropertyFile@19bb07ed]" started-at="2023-04-06T17:54:54 IST" name="DataFromThePropertyFile" finished-at="2023-04-06T17:54:54 IST" duration-ms="14" status="PASS">
          <reporter-output>
          </reporter-output>
        </test-method> <!-- DataFromThePropertyFile -->
        <test-method signature="openBrowser()[pri:0, instance:com.impor.pages.DataFromThePropertyFile@19bb07ed]" started-at="2023-04-06T17:54:54 IST" name="openBrowser" finished-at="2023-04-06T17:54:58 IST" duration-ms="3970" status="PASS">
          <reporter-output>
          </reporter-output>
        </test-method> <!-- openBrowser -->
      </class> <!-- com.impor.pages.DataFromThePropertyFile -->
    </test> <!-- Default test -->
  </suite> <!-- Default suite -->
</testng-results>
